
                         MODELLER 10.2, 2021/11/15, r12267

     PROTEIN STRUCTURE MODELLING BY SATISFACTION OF SPATIAL RESTRAINTS


                     Copyright(c) 1989-2021 Andrej Sali
                            All Rights Reserved

                             Written by A. Sali
                               with help from
              B. Webb, M.S. Madhusudhan, M-Y. Shen, G.Q. Dong,
          M.A. Marti-Renom, N. Eswar, F. Alber, M. Topf, B. Oliva,
             A. Fiser, R. Sanchez, B. Yerkovich, A. Badretdinov,
                     F. Melo, J.P. Overington, E. Feyfant
                 University of California, San Francisco, USA
                    Rockefeller University, New York, USA
                      Harvard University, Cambridge, USA
                   Imperial Cancer Research Fund, London, UK
              Birkbeck College, University of London, London, UK


Kind, OS, HostName, Kernel, Processor: 4, Linux VARN 5.15.0-52-generic x86_64
Date and time of compilation         : 2021/11/15 19:12:27
MODELLER executable type             : x86_64-intel8
Job starting time (YY/MM/DD HH:MM:SS): 2022/10/26 12:35:17

openf___224_> Open           $(LIB)/restyp.lib
openf___224_> Open           ${MODINSTALL10v2}/modlib/resgrp.lib
rdresgr_266_> Number of residue groups:        2
openf___224_> Open           ${MODINSTALL10v2}/modlib/sstruc.lib

Dynamically allocated memory at   amaxlibraries [B,KiB,MiB]:       191566     187.076     0.183

Dynamically allocated memory at   amaxlibraries [B,KiB,MiB]:       192094     187.592     0.183
openf___224_> Open           ${MODINSTALL10v2}/modlib/resdih.lib

Dynamically allocated memory at   amaxlibraries [B,KiB,MiB]:       240694     235.053     0.230
rdrdih__263_> Number of dihedral angle types         :        9
              Maximal number of dihedral angle optima:        3
              Dihedral angle names                   :  Alph Phi Psi Omeg chi1 chi2 chi3 chi4 chi5
openf___224_> Open           ${MODINSTALL10v2}/modlib/radii.lib

Dynamically allocated memory at   amaxlibraries [B,KiB,MiB]:       253994     248.041     0.242
openf___224_> Open           ${MODINSTALL10v2}/modlib/af_mnchdef.lib
rdwilmo_274_> Mainchain residue conformation classes:  APBLE
openf___224_> Open           ${MODINSTALL10v2}/modlib/mnch.lib
rdclass_257_> Number of classes:        5
openf___224_> Open           ${MODINSTALL10v2}/modlib/mnch1.lib
openf___224_> Open           ${MODINSTALL10v2}/modlib/mnch2.lib
openf___224_> Open           ${MODINSTALL10v2}/modlib/mnch3.lib
openf___224_> Open           ${MODINSTALL10v2}/modlib/xs4.mat
rdrrwgh_268_> Number of residue types:       21
openf___224_> Open           vh.fasta

Dynamically allocated memory at   amaxalignment [B,KiB,MiB]:       256588     250.574     0.245

Dynamically allocated memory at   amaxalignment [B,KiB,MiB]:       258038     251.990     0.246

Dynamically allocated memory at   amaxalignment [B,KiB,MiB]:       260938     254.822     0.249

Dynamically allocated memory at    amaxsequence [B,KiB,MiB]:       261422     255.295     0.249

Read the alignment from file       : vh.fasta

Total number of alignment positions:   122

  #  Code        #_Res #_Segm PDB_code    Name
-------------------------------------------------------------------------------
  1         VH     122      1
openf___224_> Open           3bky_VH.pdb

Dynamically allocated memory at amaxcoordinates [B,KiB,MiB]:       272459     266.073     0.260

Dynamically allocated memory at    amaxsequence [B,KiB,MiB]:       272535     266.147     0.260

Dynamically allocated memory at amaxcoordinates [B,KiB,MiB]:       272706     266.314     0.260

Dynamically allocated memory at amaxcoordinates [B,KiB,MiB]:       273556     267.145     0.261

Dynamically allocated memory at amaxcoordinates [B,KiB,MiB]:       274814     268.373     0.262

Dynamically allocated memory at amaxcoordinates [B,KiB,MiB]:       276718     270.232     0.264

Dynamically allocated memory at    amaxsequence [B,KiB,MiB]:       276758     270.271     0.264

Dynamically allocated memory at amaxcoordinates [B,KiB,MiB]:       276848     270.359     0.264

Dynamically allocated memory at amaxcoordinates [B,KiB,MiB]:       279704     273.148     0.267

Dynamically allocated memory at    amaxsequence [B,KiB,MiB]:       279764     273.207     0.267

Dynamically allocated memory at amaxcoordinates [B,KiB,MiB]:       279899     273.339     0.267

Dynamically allocated memory at amaxcoordinates [B,KiB,MiB]:       284183     277.522     0.271

Dynamically allocated memory at    amaxsequence [B,KiB,MiB]:       284271     277.608     0.271

Dynamically allocated memory at amaxcoordinates [B,KiB,MiB]:       284469     277.802     0.271

Dynamically allocated memory at amaxcoordinates [B,KiB,MiB]:       290895     284.077     0.277

Dynamically allocated memory at    amaxsequence [B,KiB,MiB]:       291027     284.206     0.278

Dynamically allocated memory at amaxcoordinates [B,KiB,MiB]:       291324     284.496     0.278

Dynamically allocated memory at amaxcoordinates [B,KiB,MiB]:       300946     293.893     0.287

Dynamically allocated memory at    amaxsequence [B,KiB,MiB]:       301146     294.088     0.287

Dynamically allocated memory at amaxcoordinates [B,KiB,MiB]:       301596     294.527     0.288

Dynamically allocated memory at amaxcoordinates [B,KiB,MiB]:       316046     308.639     0.301
readlinef__W> File: 3bky_VH.pdb, Line: 959
              Modeller will only read the first 80 characters of this line.


Dynamically allocated memory at       amaxmodel [B,KiB,MiB]:       419038     409.217     0.400
read_mo_297_> Segments, residues, atoms:        1      123      958
read_mo_298_> Segment:        1  1:H  123:H      958

Dynamically allocated memory at   amaxalignment [B,KiB,MiB]:       421406     411.529     0.402

Dynamically allocated memory at   amaxstructure [B,KiB,MiB]:       492489     480.946     0.470
align___276_> 'align_block' changed to 1.
openf___224_> Open           $(LIB)/as1.sim.mat
rdrrwgh_268_> Number of residue types:       20

Pairwise dynamic programming alignment (ALIGN):
  Residue-residue metric   : $(LIB)/as1.sim.mat
  Diagonal                 :          100
  Overhang                 :            0
  Local alignment          :            F
  MATRIX_OFFSET (local aln):       0.0000
  N_SUBOPT                 :            0
  SUBOPT_OFFSET            :       0.0000
  Alignment block          :            1
  Gap introduction penalty :    -600.0000
  Gap extension penalty    :    -400.0000
  Break-break bonus        :   10000.0000
  Length of alignment      :          123
  Score                    :  101985.0000
openf___224_> Open           aln.ali
allhmodel__W> The class 'allhmodel' is deprecated; use 'AllHModel' instead
openf___224_> Open           aln.ali

Dynamically allocated memory at   amaxalignment [B,KiB,MiB]:       520728     508.523     0.497

Dynamically allocated memory at   amaxalignment [B,KiB,MiB]:       535820     523.262     0.511

Dynamically allocated memory at   amaxalignment [B,KiB,MiB]:       551220     538.301     0.526

Dynamically allocated memory at   amaxalignment [B,KiB,MiB]:       582020     568.379     0.555

Dynamically allocated memory at    amaxsequence [B,KiB,MiB]:       582508     568.855     0.556

Dynamically allocated memory at    amaxsequence [B,KiB,MiB]:       582992     569.328     0.556

Read the alignment from file       : aln.ali

Total number of alignment positions:   123

  #  Code        #_Res #_Segm PDB_code    Name
-------------------------------------------------------------------------------
  1    3bky_VH     123      1     3bky_VH
  2         VH     122      1
check_a_343_> >> BEGINNING OF COMMAND
openf___224_> Open           ./3bky_VH.pdb

Dynamically allocated memory at amaxcoordinates [B,KiB,MiB]:       621617     607.048     0.593

Dynamically allocated memory at    amaxsequence [B,KiB,MiB]:       621617     607.048     0.593

Dynamically allocated memory at amaxcoordinates [B,KiB,MiB]:       621788     607.215     0.593

Dynamically allocated memory at amaxcoordinates [B,KiB,MiB]:       622638     608.045     0.594

Dynamically allocated memory at amaxcoordinates [B,KiB,MiB]:       623896     609.273     0.595

Dynamically allocated memory at amaxcoordinates [B,KiB,MiB]:       625800     611.133     0.597

Dynamically allocated memory at    amaxsequence [B,KiB,MiB]:       625800     611.133     0.597

Dynamically allocated memory at amaxcoordinates [B,KiB,MiB]:       625890     611.221     0.597

Dynamically allocated memory at amaxcoordinates [B,KiB,MiB]:       628746     614.010     0.600

Dynamically allocated memory at    amaxsequence [B,KiB,MiB]:       628746     614.010     0.600

Dynamically allocated memory at amaxcoordinates [B,KiB,MiB]:       628881     614.142     0.600

Dynamically allocated memory at amaxcoordinates [B,KiB,MiB]:       633165     618.325     0.604

Dynamically allocated memory at    amaxsequence [B,KiB,MiB]:       633165     618.325     0.604

Dynamically allocated memory at amaxcoordinates [B,KiB,MiB]:       633363     618.519     0.604

Dynamically allocated memory at amaxcoordinates [B,KiB,MiB]:       639789     624.794     0.610

Dynamically allocated memory at    amaxsequence [B,KiB,MiB]:       639789     624.794     0.610

Dynamically allocated memory at amaxcoordinates [B,KiB,MiB]:       640086     625.084     0.610

Dynamically allocated memory at amaxcoordinates [B,KiB,MiB]:       649708     634.480     0.620

Dynamically allocated memory at    amaxsequence [B,KiB,MiB]:       649708     634.480     0.620

Dynamically allocated memory at amaxcoordinates [B,KiB,MiB]:       650158     634.920     0.620

Dynamically allocated memory at amaxcoordinates [B,KiB,MiB]:       664608     649.031     0.634
readlinef__W> File: ./3bky_VH.pdb, Line: 959
              Modeller will only read the first 80 characters of this line.


Dynamically allocated memory at   amaxstructure [B,KiB,MiB]:       664365     648.794     0.634

check_ali___> Checking the sequence-structure alignment. 

Implied intrachain target CA(i)-CA(i+1) distances longer than  8.0 angstroms:

ALN_POS  TMPL  RID1  RID2  NAM1  NAM2     DIST
----------------------------------------------
END OF TABLE
check_a_344_> << END OF COMMAND
openf___224_> Open           ${LIB}/top_allh.lib
read_to_681_> topology.submodel read from topology file:        1
openf___224_> Open           ${LIB}/par.lib

Dynamically allocated memory at  amaxparameters [B,KiB,MiB]:       875845     855.317     0.835

Dynamically allocated memory at  amaxparameters [B,KiB,MiB]:       877445     856.880     0.837

Dynamically allocated memory at  amaxparameters [B,KiB,MiB]:       881425     860.767     0.841

Dynamically allocated memory at  amaxparameters [B,KiB,MiB]:       883425     862.720     0.842

Dynamically allocated memory at  amaxparameters [B,KiB,MiB]:       886425     865.649     0.845

Dynamically allocated memory at  amaxparameters [B,KiB,MiB]:       890925     870.044     0.850

Dynamically allocated memory at  amaxparameters [B,KiB,MiB]:       896497     875.485     0.855

Dynamically allocated memory at  amaxparameters [B,KiB,MiB]:       899297     878.220     0.858

Dynamically allocated memory at  amaxparameters [B,KiB,MiB]:       903497     882.321     0.862

Dynamically allocated memory at  amaxparameters [B,KiB,MiB]:       909797     888.474     0.868

Dynamically allocated memory at  amaxparameters [B,KiB,MiB]:       912569     891.181     0.870

Dynamically allocated memory at  amaxparameters [B,KiB,MiB]:       913969     892.548     0.872
read_pa_232_> parameters    BONDS   ANGLS  DIHEDS IMPROPS    MODE
                              227     561     661     112       0

Dynamically allocated memory at       amaxmodel [B,KiB,MiB]:       932966     911.100     0.890

Dynamically allocated memory at       amaxmodel [B,KiB,MiB]:      1112894    1086.811     1.061

Dynamically allocated memory at       amaxmodel [B,KiB,MiB]:      1136862    1110.217     1.084

getf_______W> RTF restraint not found in the atoms list:
              residue type, indices:    14     1
              atom names           : N     -C    CA    H
              atom indices         :     1     0     3     2

mkilst______> segment topology constructed from sequence and RTF:
              segments residues  atoms  bonds angles dihedrals impropers:
                     1      122   1817   1842      0         0       576

Dynamically allocated memory at       amaxmodel [B,KiB,MiB]:      1253694    1224.311     1.196


Dynamically allocated memory at       amaxmodel [B,KiB,MiB]:      1333358    1302.107     1.272

Dynamically allocated memory at       amaxmodel [B,KiB,MiB]:      1333514    1302.260     1.272
patch_______> segment topology patched using RTF:  1 ;  GLN  ;  NTER
              segments residues  atoms  bonds angles dihedrals impropers:
                     1      122   1819   1844   3298      4840       576


Dynamically allocated memory at       amaxmodel [B,KiB,MiB]:      1333586    1302.330     1.272
patch_______> segment topology patched using RTF:  122 ;  ALA  ;  CTER
              segments residues  atoms  bonds angles dihedrals impropers:
                     1      122   1820   1845   3300      4843       577

genseg______> segment topology constructed from sequence and RTF:
              segments residues  atoms  bonds angles dihedrals impropers:
                     1      122   1820   1845   3300      4843       577

Dynamically allocated memory at       amaxmodel [B,KiB,MiB]:      1356994    1325.189     1.294
patch_______> segment topology patched using RTF:  22 96 ;  CYS  CYS  ;  DISU
              segments residues  atoms  bonds angles dihedrals impropers:
                     1      122   1818   1844   3300      4844       577
patch_s_522_> Number of disulfides patched in MODEL:        1
transfe_506_> MODEL is an average of all templates.
transfe_511_> Number of templates for coordinate transfer:        1
              After transferring coordinates of the equivalent template atoms,
              there are defined, undefined atoms in MODEL:      911      907
openf___224_> Open           VH.ini
wrpdb___568_> Residues, atoms, selected atoms:      122     1818     1818
make_re_417_> Restraint type to be calculated:  stereo

Dynamically allocated memory at  amaxrestraints [B,KiB,MiB]:      1464443    1430.120     1.397

Dynamically allocated memory at  amaxrestraints [B,KiB,MiB]:      1472635    1438.120     1.404

Dynamically allocated memory at  amaxrestraints [B,KiB,MiB]:      1489019    1454.120     1.420

Dynamically allocated memory at  amaxrestraints [B,KiB,MiB]:      1521787    1486.120     1.451

Dynamically allocated memory at  amaxrestraints [B,KiB,MiB]:      1554555    1518.120     1.483

Dynamically allocated memory at  amaxrestraints [B,KiB,MiB]:      1620091    1582.120     1.545

Dynamically allocated memory at  amaxrestraints [B,KiB,MiB]:      1652859    1614.120     1.576

Dynamically allocated memory at  amaxrestraints [B,KiB,MiB]:      1685627    1646.120     1.608

Dynamically allocated memory at  amaxrestraints [B,KiB,MiB]:      1751163    1710.120     1.670

Dynamically allocated memory at  amaxrestraints [B,KiB,MiB]:      1882235    1838.120     1.795

Dynamically allocated memory at  amaxrestraints [B,KiB,MiB]:      1947771    1902.120     1.858

Dynamically allocated memory at  amaxrestraints [B,KiB,MiB]:      2013307    1966.120     1.920

Dynamically allocated memory at  amaxrestraints [B,KiB,MiB]:      2144379    2094.120     2.045
generat_607W> Cannot find params in params file:
              CHARMM atoms :  NY CA CPT H
              IUPAC atoms  :  NE1 CD1 CE2 HE1
              Atom indices :      537     535     539     538
              Residues     :  TRP TRP TRP TRP
addprm__440W> Adding params (mean,force,period):        1.0033       60.0000        0
              For atoms:  NY CA CPT H

Dynamically allocated memory at  amaxrestraints [B,KiB,MiB]:      2406523    2350.120     2.295
r_stere_606_> Stereochemical restraints were constructed from RTF & PRMF.
              Added bond,angle,dihedral,improper restraints  :     1844    3300    3995     573
              Total number of restraints before, now         :        0     9712
make_re_422_> Number of previous, current restraints         :        0     9712
make_re_423_> Number of previous, current selected restraints:        0     9712
make_re_417_> Restraint type to be calculated:  phi-psi_binormal

Dynamically allocated memory at   amaxstructure [B,KiB,MiB]:      2505068    2446.355     2.389
openf___224_> Open           ${MODINSTALL10v2}/modlib/mnch1.bin
openf___224_> Open           ${MODINSTALL10v2}/modlib/mnch1.mdt
getdata_643_> Protein accepted:  3bky_VH
getdata_289_> Proteins (all/accepted):        1        1

Dynamically allocated memory at  amaxrestraints [B,KiB,MiB]:      2636156    2574.371     2.514
make_re_422_> Number of previous, current restraints         :     9712     9832
make_re_423_> Number of previous, current selected restraints:     9712     9832
make_re_417_> Restraint type to be calculated:  omega_dihedral

Dynamically allocated memory at   amaxstructure [B,KiB,MiB]:      2636156    2574.371     2.514
openf___224_> Open           ${MODINSTALL10v2}/modlib/omega.bin
openf___224_> Open           ${MODINSTALL10v2}/modlib/omega.mdt
getdata_643_> Protein accepted:  3bky_VH
getdata_289_> Proteins (all/accepted):        1        1
omgdel__425_> Unselected all O C +N +CA dihedrals:      125
              (This is to avoid clashes between STEREO
              and OMEGA_DIHEDRAL restraints)
make_re_422_> Number of previous, current restraints         :     9832     9953
make_re_423_> Number of previous, current selected restraints:     9832     9828
make_re_417_> Restraint type to be calculated:  chi1_dihedral

Dynamically allocated memory at   amaxstructure [B,KiB,MiB]:      2636156    2574.371     2.514
openf___224_> Open           ${MODINSTALL10v2}/modlib/chi1234.bin
openf___224_> Open           ${MODINSTALL10v2}/modlib/chi1.mdt
getdata_643_> Protein accepted:  3bky_VH
getdata_289_> Proteins (all/accepted):        1        1
make_re_422_> Number of previous, current restraints         :     9953    10050
make_re_423_> Number of previous, current selected restraints:     9828     9925
make_re_417_> Restraint type to be calculated:  chi2_dihedral

Dynamically allocated memory at   amaxstructure [B,KiB,MiB]:      2636156    2574.371     2.514
openf___224_> Open           ${MODINSTALL10v2}/modlib/chi1234.bin
openf___224_> Open           ${MODINSTALL10v2}/modlib/chi2.mdt
getdata_643_> Protein accepted:  3bky_VH
getdata_289_> Proteins (all/accepted):        1        1
make_re_422_> Number of previous, current restraints         :    10050    10111
make_re_423_> Number of previous, current selected restraints:     9925     9986
make_re_417_> Restraint type to be calculated:  chi3_dihedral

Dynamically allocated memory at   amaxstructure [B,KiB,MiB]:      2636156    2574.371     2.514
openf___224_> Open           ${MODINSTALL10v2}/modlib/chi1234.bin
openf___224_> Open           ${MODINSTALL10v2}/modlib/chi3.mdt
getdata_643_> Protein accepted:  3bky_VH
getdata_289_> Proteins (all/accepted):        1        1
make_re_422_> Number of previous, current restraints         :    10111    10138
make_re_423_> Number of previous, current selected restraints:     9986    10013
make_re_417_> Restraint type to be calculated:  chi4_dihedral

Dynamically allocated memory at   amaxstructure [B,KiB,MiB]:      2636156    2574.371     2.514
openf___224_> Open           ${MODINSTALL10v2}/modlib/chi1234.bin
openf___224_> Open           ${MODINSTALL10v2}/modlib/chi4.mdt
mdtrsr__446W> A potential that relies on one protein is used, yet you have at
              least one known structure available. MDT, not library, potential is used.
getdata_643_> Protein accepted:  3bky_VH
getdata_289_> Proteins (all/accepted):        1        1
make_re_422_> Number of previous, current restraints         :    10138    10148
make_re_423_> Number of previous, current selected restraints:    10013    10023
make_re_417_> Restraint type to be calculated:  DISTANCE

Dynamically allocated memory at amaxhash_contac [B,KiB,MiB]:      3159704    3085.648     3.013

Dynamically allocated memory at  amaxrestraints [B,KiB,MiB]:      3290776    3213.648     3.138
make_re_422_> Number of previous, current restraints         :    10148    12296
make_re_423_> Number of previous, current selected restraints:    10023    12171
make_re_417_> Restraint type to be calculated:  DISTANCE
make_re_422_> Number of previous, current restraints         :    12296    14578
make_re_423_> Number of previous, current selected restraints:    12171    14453
make_re_417_> Restraint type to be calculated:  DISTANCE

Dynamically allocated memory at  amaxrestraints [B,KiB,MiB]:      3552920    3469.648     3.388
make_re_422_> Number of previous, current restraints         :    14578    16551
make_re_423_> Number of previous, current selected restraints:    14453    16426
make_re_417_> Restraint type to be calculated:  DISTANCE
make_re_422_> Number of previous, current restraints         :    16551    17537
make_re_423_> Number of previous, current selected restraints:    16426    17412
0 atoms in HETATM/BLK residues constrained
to protein atoms within 2.30 angstroms
and protein CA atoms within 10.00 angstroms
make_re_417_> Restraint type to be calculated:  DISTANCE
make_re_422_> Number of previous, current restraints         :    17537    17537
make_re_423_> Number of previous, current selected restraints:    17412    17412
make_re_417_> Restraint type to be calculated:  DISTANCE
make_re_422_> Number of previous, current restraints         :    17537    17537
make_re_423_> Number of previous, current selected restraints:    17412    17412
make_re_417_> Restraint type to be calculated:  DISTANCE
make_re_422_> Number of previous, current restraints         :    17537    17537
make_re_423_> Number of previous, current selected restraints:    17412    17412
make_re_417_> Restraint type to be calculated:  DISTANCE
make_re_422_> Number of previous, current restraints         :    17537    17537
make_re_423_> Number of previous, current selected restraints:    17412    17412
0 atoms in residues without defined topology
constrained to be rigid bodies
make_re_417_> Restraint type to be calculated:  DISTANCE
make_re_422_> Number of previous, current restraints         :    17537    17537
make_re_423_> Number of previous, current selected restraints:    17412    17412
rmdupl__427_>      785 redundant cosine dihedral restraints were unselected.
condens_443_> Restraints marked for deletion were removed.
              Total number of restraints before, now:    17537    16627
openf___224_> Open           VH.rsr
openf___224_> Open           VH.rsr

Dynamically allocated memory at  amaxrestraints [B,KiB,MiB]:      3553017    3469.743     3.388

Dynamically allocated memory at  amaxrestraints [B,KiB,MiB]:      3946233    3853.743     3.763
rdcsr2__307_> Number of restraints read    :    16627
              Number of excluded pairs read:        0
              Number of pseudo atoms read  :        0
rdcsrs__304_> Restraints in memory, selected restraints:    16627    16627
              Explicitly excluded atom pairs in memory :        0
              Pseudo atoms in memory                   :        0
openf___224_> Open           VH.ini

Dynamically allocated memory at       amaxmodel [B,KiB,MiB]:      3946265    3853.774     3.763
read_mo_297_> Segments, residues, atoms:        1      122     1818
read_mo_298_> Segment:        1  1:A  122:A     1818
randomi_498_> Atoms,selected atoms,random_seed,amplitude:     1818     1818        1        4.0000
randomi_496_> Amplitude is > 0; randomization is done.
pick_re_612_> Number of MODEL atoms, selected restraints;     1818    11696
pick_re_612_> Number of MODEL atoms, selected restraints;     1818    12306
pick_re_612_> Number of MODEL atoms, selected restraints;     1818    12606
pick_re_612_> Number of MODEL atoms, selected restraints;     1818    12933
pick_re_612_> Number of MODEL atoms, selected restraints;     1818    13814
pick_re_612_> Number of MODEL atoms, selected restraints;     1818    14403
pick_re_612_> Number of MODEL atoms, selected restraints;     1818    14964

Dynamically allocated memory at  amaxrestraints [B,KiB,MiB]:      4282469    4182.099     4.084

Dynamically allocated memory at  amaxrestraints [B,KiB,MiB]:      4326101    4224.708     4.126
pick_re_612_> Number of MODEL atoms, selected restraints;     1818    16069
pick_re_612_> Number of MODEL atoms, selected restraints;     1818    16627
pick_re_612_> Number of MODEL atoms, selected restraints;     1818    16627

Dynamically allocated memory at  amaxrestraints [B,KiB,MiB]:      4413365    4309.927     4.209
iupac_m_486_> OE1/2 will be swapped:     -132.8966       10  10
iupac_m_397W> Atoms were not swapped because of the uncertainty of how to handle the H atom.
iupac_m_484W> Dihedral still outside +-90:     -132.8966
iupac_m_483_> CD1/2 CE1/2 swapped:       96.2422       27  27
iupac_m_487_> NH1/2 swapped:     -175.3867       43  43
iupac_m_485_> OD1/2 will be swapped:     -179.1689       57  57
iupac_m_397W> Atoms were not swapped because of the uncertainty of how to handle the H atom.
iupac_m_484W> Dihedral still outside +-90:     -179.1689
iupac_m_483_> CD1/2 CE1/2 swapped:      -94.6186       60  60
iupac_m_485_> OD1/2 will be swapped:     -171.8131       73  73
iupac_m_397W> Atoms were not swapped because of the uncertainty of how to handle the H atom.
iupac_m_484W> Dihedral still outside +-90:     -171.8131
iupac_m_483_> CD1/2 CE1/2 swapped:       92.9935       95  95
iupac_m_483_> CD1/2 CE1/2 swapped:     -103.0283      107  107


>> ENERGY; Differences between the model's features and restraints:
Number of all residues in MODEL                   :      122
Number of all, selected real atoms                :     1818    1818
Number of all, selected pseudo atoms              :        0       0
Number of all static, selected restraints         :    16627   16627
COVALENT_CYS                                      :        F
NONBONDED_SEL_ATOMS                               :        1
Number of non-bonded pairs (excluding 1-2,1-3,1-4):    10784
Dynamic pairs routine                             : 2, NATM x NATM cell sorting
Atomic shift for contacts update (UPDATE_DYNAMIC) :    0.390
LENNARD_JONES_SWITCH                              :    6.500   7.500
COULOMB_JONES_SWITCH                              :    6.500   7.500
RESIDUE_SPAN_RANGE                                :        0   99999
NLOGN_USE                                         :       15
CONTACT_SHELL                                     :    4.000
DYNAMIC_PAIRS,_SPHERE,_COULOMB,_LENNARD,_MODELLER :        T       T       F       F       F
SPHERE_STDV                                       :    0.050
RADII_FACTOR                                      :    0.820
Current energy                                    :        9616.0781





Summary of the restraint violations: 

   NUM     ... number of restraints.
   NUMVI   ... number of restraints with RVIOL > VIOL_REPORT_CUT[i].
   RVIOL   ... relative difference from the best value.
   NUMVP   ... number of restraints with -Ln(pdf) > VIOL_REPORT_CUT2[i].
   RMS_1   ... RMS(feature, minimally_violated_basis_restraint, NUMB).
   RMS_2   ... RMS(feature, best_value, NUMB).
   MOL.PDF ... scaled contribution to -Ln(Molecular pdf).

 #                     RESTRAINT_GROUP      NUM   NUMVI  NUMVP   RMS_1   RMS_2         MOL.PDF     S_i
------------------------------------------------------------------------------------------------------
 1 Bond length potential              :    1843       4      4   0.091   0.091      6910.0       1.000
 2 Bond angle potential               :    3298      97    124   6.186   6.186      1623.6       1.000
 3 Stereochemical cosine torsion poten:    3084       0     39  27.526  27.526      386.35       1.000
 4 Stereochemical improper torsion pot:     573      24     31   5.091   5.091      249.11       1.000
 5 Soft-sphere overlap restraints     :   10784       0      0   0.001   0.001      1.8556       1.000
 6 Lennard-Jones 6-12 potential       :       0       0      0   0.000   0.000      0.0000       1.000
 7 Coulomb point-point electrostatic p:       0       0      0   0.000   0.000      0.0000       1.000
 8 H-bonding potential                :       0       0      0   0.000   0.000      0.0000       1.000
 9 Distance restraints 1 (CA-CA)      :    2148       0      1   0.199   0.199      43.769       1.000
10 Distance restraints 2 (N-O)        :    2282       0      0   0.268   0.268      76.684       1.000
11 Mainchain Phi dihedral restraints  :       0       0      0   0.000   0.000      0.0000       1.000
12 Mainchain Psi dihedral restraints  :       0       0      0   0.000   0.000      0.0000       1.000
13 Mainchain Omega dihedral restraints:     121       0      0   4.357   4.357      27.093       1.000
14 Sidechain Chi_1 dihedral restraints:      97       0      2  61.567  61.567      19.390       1.000
15 Sidechain Chi_2 dihedral restraints:      61       0      2  73.732  73.732      17.366       1.000
16 Sidechain Chi_3 dihedral restraints:      27       0      0  76.291  76.291      16.220       1.000
17 Sidechain Chi_4 dihedral restraints:      10       0      0  74.130  74.130      6.4769       1.000
18 Disulfide distance restraints      :       1       0      0   0.015   0.015     0.40250E-01   1.000
19 Disulfide angle restraints         :       2       0      0   2.855   2.855     0.36000       1.000
20 Disulfide dihedral angle restraints:       1       0      0  12.618  12.618     0.18936       1.000
21 Lower bound distance restraints    :       0       0      0   0.000   0.000      0.0000       1.000
22 Upper bound distance restraints    :       0       0      0   0.000   0.000      0.0000       1.000
23 Distance restraints 3 (SDCH-MNCH)  :    1973       0      0   0.494   0.494      68.974       1.000
24 Sidechain Chi_5 dihedral restraints:       0       0      0   0.000   0.000      0.0000       1.000
25 Phi/Psi pair of dihedral restraints:     120       5     18  29.884  43.565      98.348       1.000
26 Distance restraints 4 (SDCH-SDCH)  :     986       0      0   0.776   0.776      70.264       1.000
27 Distance restraints 5 (X-Y)        :       0       0      0   0.000   0.000      0.0000       1.000
28 NMR distance restraints 6 (X-Y)    :       0       0      0   0.000   0.000      0.0000       1.000
29 NMR distance restraints 7 (X-Y)    :       0       0      0   0.000   0.000      0.0000       1.000
30 Minimal distance restraints        :       0       0      0   0.000   0.000      0.0000       1.000
31 Non-bonded restraints              :       0       0      0   0.000   0.000      0.0000       1.000
32 Atomic accessibility restraints    :       0       0      0   0.000   0.000      0.0000       1.000
33 Atomic density restraints          :       0       0      0   0.000   0.000      0.0000       1.000
34 Absolute position restraints       :       0       0      0   0.000   0.000      0.0000       1.000
35 Dihedral angle difference restraint:       0       0      0   0.000   0.000      0.0000       1.000
36 GBSA implicit solvent potential    :       0       0      0   0.000   0.000      0.0000       1.000
37 EM density fitting potential       :       0       0      0   0.000   0.000      0.0000       1.000
38 SAXS restraints                    :       0       0      0   0.000   0.000      0.0000       1.000
39 Symmetry restraints                :       0       0      0   0.000   0.000      0.0000       1.000



openf___224_> Open           VH.V99990001
# Heavy relative violation of each residue is written to: VH.V99990001
# The profile is NOT normalized by the number of restraints.
# The profiles are smoothed over a window of residues:    1
# The sum of all numbers in the file:   15948.0938



List of the violated restraints:
   A restraint is violated when the relative difference
   from the best value (RVIOL) is larger than CUTOFF.

   ICSR   ... index of a restraint in the current set.
   RESNO  ... residue numbers of the first two atoms.
   ATM    ... IUPAC atom names of the first two atoms.
   FEAT   ... the value of the feature in the model.
   restr  ... the mean of the basis restraint with the smallest
              difference from the model (local minimum).
   viol   ... difference from the local minimum.
   rviol  ... relative difference from the local minimum.
   RESTR  ... the best value (global minimum).
   VIOL   ... difference from the best value.
   RVIOL  ... relative difference from the best value.


-------------------------------------------------------------------------------------------------

Feature  1                           : Bond length potential                   
List of the RVIOL violations larger than   :       4.5000

    #   ICSR  RESNO1/2 ATM1/2   INDATM1/2    FEAT   restr    viol   rviol   RESTR    VIOL   RVIOL
    1    667  43R  43R NH1 HH11  656  657    3.27    1.00    2.27   89.00    1.00    2.27   89.00
    2    668  43R  43R NH1 HH12  656  658    2.57    1.00    1.57   61.44    1.00    1.57   61.44
    3    669  43R  43R NH2 HH21  659  660    3.27    1.00    2.27   89.01    1.00    2.27   89.01
    4    670  43R  43R NH2 HH22  659  661    2.57    1.00    1.57   61.40    1.00    1.57   61.40

-------------------------------------------------------------------------------------------------

Feature 25                           : Phi/Psi pair of dihedral restraints     
List of the RVIOL violations larger than   :       6.5000

    #   ICSR  RESNO1/2 ATM1/2   INDATM1/2    FEAT   restr    viol   rviol   RESTR    VIOL   RVIOL
    1   8842  40T  41P C   N     617  619  -65.68  -64.50    9.01    0.74  -58.70  168.91   13.40
    1         41P  41P N   CA    619  620  138.26  147.20                  -30.50
    2   8843  41P  42G C   N     631  633   79.49   78.70   57.93    1.62  -80.20  164.18    9.56
    2         42G  42G N   CA    633  635  135.98 -166.10                  174.10
    3   8856  54G  55N C   N     824  826 -136.17  -63.20   75.90   10.41  -63.20   75.90   10.41
    3         55N  55N N   CA    826  828  -20.25  -41.10                  -41.10
    4   8905 103G 104G C   N    1549 1551  125.62   82.20   55.78    1.98  -62.40  172.60   30.20
    4        104G 104G N   CA   1551 1553  -26.52    8.50                  -41.20
    5   8906 104G 105D C   N    1556 1558 -139.43  -96.50   46.60    1.92  -63.30 -171.60   20.08
    5        105D 105D N   CA   1558 1560  132.34  114.20                  -40.00


report______> Distribution of short non-bonded contacts:

  serious non-bonded atom clash:     4   15   1.298
  serious non-bonded atom clash:    27  388   1.411
  serious non-bonded atom clash:   182  264   1.310
  serious non-bonded atom clash:   193  213   1.309
  serious non-bonded atom clash:   439  823   1.307
  serious non-bonded atom clash:   557  567   1.374
  serious non-bonded atom clash:   902 1054   1.374
  serious non-bonded atom clash:   981  992   1.308
  serious non-bonded atom clash:  1016 1258   1.449
  serious non-bonded atom clash:  1102 1109   1.482
  serious non-bonded atom clash:  1173 1200   1.436
  serious non-bonded atom clash:  1311 1328   1.396
  serious non-bonded atom clash:  1483 1582   1.437

DISTANCE1:  0.00 2.10 2.20 2.30 2.40 2.50 2.60 2.70 2.80 2.90 3.00 3.10 3.20 3.30 3.40
DISTANCE2:  2.10 2.20 2.30 2.40 2.50 2.60 2.70 2.80 2.90 3.00 3.10 3.20 3.30 3.40 3.50
FREQUENCY:   181  108  154  179  260  301  315  335  386  364  461  545  612  647  659


<< end of ENERGY.
openf___224_> Open           VH.B99990001.pdb
wrpdb___568_> Residues, atoms, selected atoms:      122     1818     1818

>> Summary of successfully produced models:
Filename                          molpdf
----------------------------------------
VH.B99990001.pdb              9616.07812

openf___224_> Open           modeller_result.pdb
wrpdb___568_> Residues, atoms, selected atoms:      122     1818     1818

Dynamically allocated memory at          finish [B,KiB,MiB]:      4413365    4309.927     4.209
Starting time                                            : 2022/10/26 12:35:17
Closing time                                             : 2022/10/26 12:35:25
Total CPU time [seconds]                                 :       7.79
